[debug] [2023-10-08T16:59:42.701Z] ----------------------------------------------------------------------
[debug] [2023-10-08T16:59:42.704Z] Command:       C:\Program Files\nodejs\node.exe C:\Users\sheik\AppData\Roaming\npm\node_modules\firebase-tools\lib\bin\firebase.js init
[debug] [2023-10-08T16:59:42.705Z] CLI Version:   12.6.2
[debug] [2023-10-08T16:59:42.705Z] Platform:      win32
[debug] [2023-10-08T16:59:42.705Z] Node Version:  v18.18.0
[debug] [2023-10-08T16:59:42.706Z] Time:          Sun Oct 08 2023 22:29:42 GMT+0530 (India Standard Time)
[debug] [2023-10-08T16:59:42.706Z] ----------------------------------------------------------------------
[debug] 
[debug] [2023-10-08T16:59:42.712Z] > command requires scopes: ["email","openid","https://www.googleapis.com/auth/cloudplatformprojects.readonly","https://www.googleapis.com/auth/firebase","https://www.googleapis.com/auth/cloud-platform"]
[debug] [2023-10-08T16:59:42.712Z] > authorizing via signed-in user (sheikhtauheed75@gmail.com)
[info] 
     ######## #### ########  ######## ########     ###     ######  ########
     ##        ##  ##     ## ##       ##     ##  ##   ##  ##       ##
     ######    ##  ########  ######   ########  #########  ######  ######
     ##        ##  ##    ##  ##       ##     ## ##     ##       ## ##
     ##       #### ##     ## ######## ########  ##     ##  ######  ########

You're about to initialize a Firebase project in this directory:

  C:\Desktop\Chat\my-app

Before we get started, keep in mind:

  * You are currently outside your home directory

[debug] [2023-10-08T17:00:41.444Z] ----------------------------------------------------------------------
[debug] [2023-10-08T17:00:41.448Z] Command:       C:\Program Files\nodejs\node.exe C:\Users\sheik\AppData\Roaming\npm\node_modules\firebase-tools\lib\bin\firebase.js deploy
[debug] [2023-10-08T17:00:41.448Z] CLI Version:   12.6.2
[debug] [2023-10-08T17:00:41.448Z] Platform:      win32
[debug] [2023-10-08T17:00:41.449Z] Node Version:  v18.18.0
[debug] [2023-10-08T17:00:41.450Z] Time:          Sun Oct 08 2023 22:30:41 GMT+0530 (India Standard Time)
[debug] [2023-10-08T17:00:41.450Z] ----------------------------------------------------------------------
[debug] 
